<?xml version="1.0" encoding="UTF-8"?>
<!-- Generated by org.testng.reporters.JUnitXMLReporter -->
<testsuite hostname="DESKTOP-CAVKLCM" ignored="14" name="Default test" tests="7" failures="0" timestamp="15 Mar 2021 12:11:15 GMT" time="284.186" errors="0">
  <testcase name="method1_LoginToOpsPortal" time="31.447" classname="TestNGturorials.OperationsPortal"/>
  <testcase name="method2_InviteMemberToUserManagement" time="51.236" classname="TestNGturorials.OperationsPortal"/>
  <testcase name="method3_validSearchField" time="35.689" classname="TestNGturorials.OperationsPortal"/>
  <testcase name="method5_LoginToGmailAndEnterNewPassword" time="45.565" classname="TestNGturorials.OperationsPortal"/>
  <testcase name="method6_EnterOTP" time="26.198" classname="TestNGturorials.OperationsPortal"/>
  <testcase name="method7_EnterUserDetails" time="25.838" classname="TestNGturorials.OperationsPortal"/>
  <testcase name="method8_LogginWithRegisteredUser" time="68.18" classname="TestNGturorials.OperationsPortal"/>
  <testcase name="method9_TenantCreation_Onboarding" time="0.0" classname="TestNGturorials.OperationsPortal">
    <ignored/>
  </testcase> <!-- method9_TenantCreation_Onboarding -->
  <testcase name="method21_InvitedMemberSave" time="0.0" classname="TestNGturorials.OperationsPortal">
    <ignored/>
  </testcase> <!-- method21_InvitedMemberSave -->
  <testcase name="method19_InviteMemberToUserManagementAndDelete" time="0.0" classname="TestNGturorials.OperationsPortal">
    <ignored/>
  </testcase> <!-- method19_InviteMemberToUserManagementAndDelete -->
  <testcase name="method18_deviceTypeCreation" time="0.0" classname="TestNGturorials.OperationsPortal">
    <ignored/>
  </testcase> <!-- method18_deviceTypeCreation -->
  <testcase name="method20_resendInvite" time="0.0" classname="TestNGturorials.OperationsPortal">
    <ignored/>
  </testcase> <!-- method20_resendInvite -->
  <testcase name="method4_validateInvitedMemberListedInMembersListOfOpsPortal" time="0.0" classname="TestNGturorials.OperationsPortal">
    <ignored/>
  </testcase> <!-- method4_validateInvitedMemberListedInMembersListOfOpsPortal -->
  <testcase name="method13_deviceAssignment" time="0.0" classname="TestNGturorials.OperationsPortal">
    <ignored/>
  </testcase> <!-- method13_deviceAssignment -->
  <testcase name="method16_memberResendInvite" time="0.0" classname="TestNGturorials.OperationsPortal">
    <ignored/>
  </testcase> <!-- method16_memberResendInvite -->
  <testcase name="method17_deviceCreation" time="0.0" classname="TestNGturorials.OperationsPortal">
    <ignored/>
  </testcase> <!-- method17_deviceCreation -->
  <testcase name="method15_memberSaveInsideTenant" time="0.0" classname="TestNGturorials.OperationsPortal">
    <ignored/>
  </testcase> <!-- method15_memberSaveInsideTenant -->
  <testcase name="method11_CreatNewSubscriptionToAddedTenant" time="0.0" classname="TestNGturorials.OperationsPortal">
    <ignored/>
  </testcase> <!-- method11_CreatNewSubscriptionToAddedTenant -->
  <testcase name="method14_memberInvite_Delete" time="0.0" classname="TestNGturorials.OperationsPortal">
    <ignored/>
  </testcase> <!-- method14_memberInvite_Delete -->
  <testcase name="method12_updateSubscriptionInfo" time="0.0" classname="TestNGturorials.OperationsPortal">
    <ignored/>
  </testcase> <!-- method12_updateSubscriptionInfo -->
  <testcase name="method10_updateAddedTenantInfo" time="0.0" classname="TestNGturorials.OperationsPortal">
    <ignored/>
  </testcase> <!-- method10_updateAddedTenantInfo -->
</testsuite> <!-- Default test -->
